2023-12-05 19:11:07 [INFO] Changement détecté : C:\Users\chid-\Dropbox\mac\DEV\Python\pySpectator\README.md (modified)
2023-12-05 19:11:07 [INFO] Changement détecté : C:\Users\chid-\Dropbox\mac\DEV\Python\pySpectator\README.md (modified)
2023-12-05 19:11:07 [INFO] Changement détecté : C:\Users\chid-\Dropbox\mac\DEV\Python\pySpectator\README.md (modified)
2023-12-05 19:11:27 [INFO] Changement détecté : C:\Users\chid-\Dropbox\mac\DEV\Python\pySpectator\.git (created)
2023-12-05 19:11:28 [INFO] Changement détecté : C:\Users\chid-\Dropbox\mac\DEV\Python\pySpectator\.git\hooks (created)
2023-12-05 19:11:28 [INFO] Changement détecté : C:\Users\chid-\Dropbox\mac\DEV\Python\pySpectator\.git\info (created)
2023-12-05 19:11:28 [INFO] Changement détecté : C:\Users\chid-\Dropbox\mac\DEV\Python\pySpectator\.git\objects (created)
2023-12-05 19:11:28 [INFO] Changement détecté : C:\Users\chid-\Dropbox\mac\DEV\Python\pySpectator\.git\refs (created)
2023-12-05 19:11:28 [INFO] Changement détecté : C:\Users\chid-\Dropbox\mac\DEV\Python\pySpectator\.git\config (created)
2023-12-05 19:11:28 [INFO] Changement détecté : C:\Users\chid-\Dropbox\mac\DEV\Python\pySpectator\.git\description (created)
2023-12-05 19:11:28 [INFO] Changement détecté : C:\Users\chid-\Dropbox\mac\DEV\Python\pySpectator\.git\HEAD (created)
2023-12-05 19:11:28 [INFO] Changement détecté : C:\Users\chid-\Dropbox\mac\DEV\Python\pySpectator\.git\hooks\applypatch-msg.sample (created)
2023-12-05 19:11:28 [INFO] Changement détecté : C:\Users\chid-\Dropbox\mac\DEV\Python\pySpectator\.git\hooks\commit-msg.sample (created)
2023-12-05 19:11:28 [INFO] Changement détecté : C:\Users\chid-\Dropbox\mac\DEV\Python\pySpectator\.git\hooks\fsmonitor-watchman.sample (created)
2023-12-05 19:11:28 [INFO] Changement détecté : C:\Users\chid-\Dropbox\mac\DEV\Python\pySpectator\.git\hooks\post-update.sample (created)
2023-12-05 19:11:28 [INFO] Changement détecté : C:\Users\chid-\Dropbox\mac\DEV\Python\pySpectator\.git\hooks\pre-applypatch.sample (created)
2023-12-05 19:11:28 [INFO] Changement détecté : C:\Users\chid-\Dropbox\mac\DEV\Python\pySpectator\.git\hooks\pre-commit.sample (created)
2023-12-05 19:11:28 [INFO] Changement détecté : C:\Users\chid-\Dropbox\mac\DEV\Python\pySpectator\.git\hooks\pre-merge-commit.sample (created)
2023-12-05 19:11:28 [INFO] Changement détecté : C:\Users\chid-\Dropbox\mac\DEV\Python\pySpectator\.git\hooks\pre-push.sample (created)
2023-12-05 19:11:28 [INFO] Changement détecté : C:\Users\chid-\Dropbox\mac\DEV\Python\pySpectator\.git\hooks\pre-rebase.sample (created)
2023-12-05 19:11:28 [INFO] Changement détecté : C:\Users\chid-\Dropbox\mac\DEV\Python\pySpectator\.git\hooks\pre-receive.sample (created)
2023-12-05 19:11:28 [INFO] Changement détecté : C:\Users\chid-\Dropbox\mac\DEV\Python\pySpectator\.git\hooks\prepare-commit-msg.sample (created)
2023-12-05 19:11:28 [INFO] Changement détecté : C:\Users\chid-\Dropbox\mac\DEV\Python\pySpectator\.git\hooks\push-to-checkout.sample (created)
2023-12-05 19:11:28 [INFO] Changement détecté : C:\Users\chid-\Dropbox\mac\DEV\Python\pySpectator\.git\hooks\update.sample (created)
2023-12-05 19:11:28 [INFO] Changement détecté : C:\Users\chid-\Dropbox\mac\DEV\Python\pySpectator\.git\info\exclude (created)
2023-12-05 19:11:28 [INFO] Changement détecté : C:\Users\chid-\Dropbox\mac\DEV\Python\pySpectator\.git\objects\info (created)
2023-12-05 19:11:28 [INFO] Changement détecté : C:\Users\chid-\Dropbox\mac\DEV\Python\pySpectator\.git\objects\pack (created)
2023-12-05 19:11:28 [INFO] Changement détecté : C:\Users\chid-\Dropbox\mac\DEV\Python\pySpectator\.git\refs\heads (created)
2023-12-05 19:11:28 [INFO] Changement détecté : C:\Users\chid-\Dropbox\mac\DEV\Python\pySpectator\.git\refs\tags (created)
2023-12-05 19:11:28 [INFO] Changement détecté : C:\Users\chid-\Dropbox\mac\DEV\Python\pySpectator\.git (modified)
2023-12-05 19:11:28 [INFO] Changement détecté : C:\Users\chid-\Dropbox\mac\DEV\Python\pySpectator\.git\description (created)
2023-12-05 19:11:28 [INFO] Changement détecté : C:\Users\chid-\Dropbox\mac\DEV\Python\pySpectator\.git\description (modified)
2023-12-05 19:11:28 [INFO] Changement détecté : C:\Users\chid-\Dropbox\mac\DEV\Python\pySpectator\.git\hooks (created)
2023-12-05 19:11:29 [INFO] Changement détecté : C:\Users\chid-\Dropbox\mac\DEV\Python\pySpectator\.git\hooks\applypatch-msg.sample (created)
2023-12-05 19:11:29 [INFO] Changement détecté : C:\Users\chid-\Dropbox\mac\DEV\Python\pySpectator\.git\hooks\commit-msg.sample (created)
2023-12-05 19:11:29 [INFO] Changement détecté : C:\Users\chid-\Dropbox\mac\DEV\Python\pySpectator\.git\hooks\fsmonitor-watchman.sample (created)
2023-12-05 19:11:29 [INFO] Changement détecté : C:\Users\chid-\Dropbox\mac\DEV\Python\pySpectator\.git\hooks\post-update.sample (created)
2023-12-05 19:11:29 [INFO] Changement détecté : C:\Users\chid-\Dropbox\mac\DEV\Python\pySpectator\.git\hooks\pre-applypatch.sample (created)
2023-12-05 19:11:29 [INFO] Changement détecté : C:\Users\chid-\Dropbox\mac\DEV\Python\pySpectator\.git\hooks\pre-commit.sample (created)
2023-12-05 19:11:29 [INFO] Changement détecté : C:\Users\chid-\Dropbox\mac\DEV\Python\pySpectator\.git\hooks\pre-merge-commit.sample (created)
2023-12-05 19:11:29 [INFO] Changement détecté : C:\Users\chid-\Dropbox\mac\DEV\Python\pySpectator\.git\hooks\pre-push.sample (created)
2023-12-05 19:11:29 [INFO] Changement détecté : C:\Users\chid-\Dropbox\mac\DEV\Python\pySpectator\.git\hooks\pre-rebase.sample (created)
2023-12-05 19:11:29 [INFO] Changement détecté : C:\Users\chid-\Dropbox\mac\DEV\Python\pySpectator\.git\hooks\pre-receive.sample (created)
2023-12-05 19:11:29 [INFO] Changement détecté : C:\Users\chid-\Dropbox\mac\DEV\Python\pySpectator\.git\hooks\prepare-commit-msg.sample (created)
2023-12-05 19:11:29 [INFO] Changement détecté : C:\Users\chid-\Dropbox\mac\DEV\Python\pySpectator\.git\hooks\push-to-checkout.sample (created)
2023-12-05 19:11:29 [INFO] Changement détecté : C:\Users\chid-\Dropbox\mac\DEV\Python\pySpectator\.git\hooks\update.sample (created)
2023-12-05 19:11:29 [INFO] Changement détecté : C:\Users\chid-\Dropbox\mac\DEV\Python\pySpectator\.git\hooks\applypatch-msg.sample (created)
2023-12-05 19:11:29 [INFO] Changement détecté : C:\Users\chid-\Dropbox\mac\DEV\Python\pySpectator\.git\hooks\applypatch-msg.sample (modified)
2023-12-05 19:11:29 [INFO] Changement détecté : C:\Users\chid-\Dropbox\mac\DEV\Python\pySpectator\.git\hooks (modified)
2023-12-05 19:11:29 [INFO] Changement détecté : C:\Users\chid-\Dropbox\mac\DEV\Python\pySpectator\.git\hooks\commit-msg.sample (created)
2023-12-05 19:11:29 [INFO] Changement détecté : C:\Users\chid-\Dropbox\mac\DEV\Python\pySpectator\.git\hooks (modified)
2023-12-05 19:11:29 [INFO] Changement détecté : C:\Users\chid-\Dropbox\mac\DEV\Python\pySpectator\.git (modified)
2023-12-05 19:11:29 [INFO] Changement détecté : C:\Users\chid-\Dropbox\mac\DEV\Python\pySpectator\.git\hooks\commit-msg.sample (modified)
2023-12-05 19:11:29 [INFO] Changement détecté : C:\Users\chid-\Dropbox\mac\DEV\Python\pySpectator\.git\hooks\fsmonitor-watchman.sample (created)
2023-12-05 19:11:29 [INFO] Changement détecté : C:\Users\chid-\Dropbox\mac\DEV\Python\pySpectator\.git\hooks\fsmonitor-watchman.sample (modified)
2023-12-05 19:11:29 [INFO] Changement détecté : C:\Users\chid-\Dropbox\mac\DEV\Python\pySpectator\.git\hooks (modified)
2023-12-05 19:11:29 [INFO] Changement détecté : C:\Users\chid-\Dropbox\mac\DEV\Python\pySpectator\.git\hooks\post-update.sample (created)
2023-12-05 19:11:29 [INFO] Changement détecté : C:\Users\chid-\Dropbox\mac\DEV\Python\pySpectator\.git\hooks\post-update.sample (modified)
2023-12-05 19:11:29 [INFO] Changement détecté : C:\Users\chid-\Dropbox\mac\DEV\Python\pySpectator\.git\hooks (modified)
2023-12-05 19:11:29 [INFO] Changement détecté : C:\Users\chid-\Dropbox\mac\DEV\Python\pySpectator\.git\hooks\pre-applypatch.sample (created)
2023-12-05 19:11:29 [INFO] Changement détecté : C:\Users\chid-\Dropbox\mac\DEV\Python\pySpectator\.git\hooks\pre-applypatch.sample (modified)
2023-12-05 19:11:29 [INFO] Changement détecté : C:\Users\chid-\Dropbox\mac\DEV\Python\pySpectator\.git\hooks (modified)
2023-12-05 19:11:29 [INFO] Changement détecté : C:\Users\chid-\Dropbox\mac\DEV\Python\pySpectator\.git\hooks\pre-commit.sample (created)
2023-12-05 19:11:29 [INFO] Changement détecté : C:\Users\chid-\Dropbox\mac\DEV\Python\pySpectator\.git\hooks (modified)
2023-12-05 19:11:29 [INFO] Changement détecté : C:\Users\chid-\Dropbox\mac\DEV\Python\pySpectator\.git\hooks\pre-commit.sample (modified)
2023-12-05 19:11:29 [INFO] Changement détecté : C:\Users\chid-\Dropbox\mac\DEV\Python\pySpectator\.git\hooks\pre-merge-commit.sample (created)
2023-12-05 19:11:29 [INFO] Changement détecté : C:\Users\chid-\Dropbox\mac\DEV\Python\pySpectator\.git\hooks (modified)
2023-12-05 19:11:29 [INFO] Changement détecté : C:\Users\chid-\Dropbox\mac\DEV\Python\pySpectator\.git\hooks\pre-merge-commit.sample (modified)
2023-12-05 19:11:29 [INFO] Changement détecté : C:\Users\chid-\Dropbox\mac\DEV\Python\pySpectator\.git\hooks\pre-push.sample (created)
2023-12-05 19:11:29 [INFO] Changement détecté : C:\Users\chid-\Dropbox\mac\DEV\Python\pySpectator\.git\hooks (modified)
2023-12-05 19:11:29 [INFO] Changement détecté : C:\Users\chid-\Dropbox\mac\DEV\Python\pySpectator\.git (modified)
2023-12-05 19:11:29 [INFO] Changement détecté : C:\Users\chid-\Dropbox\mac\DEV\Python\pySpectator\.git\hooks\pre-push.sample (modified)
2023-12-05 19:11:29 [INFO] Changement détecté : C:\Users\chid-\Dropbox\mac\DEV\Python\pySpectator\.git\hooks\pre-rebase.sample (created)
2023-12-05 19:11:29 [INFO] Changement détecté : C:\Users\chid-\Dropbox\mac\DEV\Python\pySpectator\.git\hooks\pre-rebase.sample (modified)
2023-12-05 19:11:29 [INFO] Changement détecté : C:\Users\chid-\Dropbox\mac\DEV\Python\pySpectator\.git\hooks (modified)
2023-12-05 19:11:29 [INFO] Changement détecté : C:\Users\chid-\Dropbox\mac\DEV\Python\pySpectator\.git\hooks\pre-receive.sample (created)
2023-12-05 19:11:29 [INFO] Changement détecté : C:\Users\chid-\Dropbox\mac\DEV\Python\pySpectator\.git\hooks\pre-receive.sample (modified)
2023-12-05 19:11:29 [INFO] Changement détecté : C:\Users\chid-\Dropbox\mac\DEV\Python\pySpectator\.git\hooks (modified)
2023-12-05 19:11:29 [INFO] Changement détecté : C:\Users\chid-\Dropbox\mac\DEV\Python\pySpectator\.git\hooks\prepare-commit-msg.sample (created)
2023-12-05 19:11:29 [INFO] Changement détecté : C:\Users\chid-\Dropbox\mac\DEV\Python\pySpectator\.git\hooks (modified)
2023-12-05 19:11:29 [INFO] Changement détecté : C:\Users\chid-\Dropbox\mac\DEV\Python\pySpectator\.git\hooks\prepare-commit-msg.sample (modified)
2023-12-05 19:11:29 [INFO] Changement détecté : C:\Users\chid-\Dropbox\mac\DEV\Python\pySpectator\.git\hooks\push-to-checkout.sample (created)
2023-12-05 19:11:29 [INFO] Changement détecté : C:\Users\chid-\Dropbox\mac\DEV\Python\pySpectator\.git\hooks (modified)
2023-12-05 19:11:29 [INFO] Changement détecté : C:\Users\chid-\Dropbox\mac\DEV\Python\pySpectator\.git\hooks\push-to-checkout.sample (modified)
2023-12-05 19:11:29 [INFO] Changement détecté : C:\Users\chid-\Dropbox\mac\DEV\Python\pySpectator\.git\hooks\update.sample (created)
2023-12-05 19:11:29 [INFO] Changement détecté : C:\Users\chid-\Dropbox\mac\DEV\Python\pySpectator\.git\hooks\update.sample (modified)
2023-12-05 19:11:29 [INFO] Changement détecté : C:\Users\chid-\Dropbox\mac\DEV\Python\pySpectator\.git\info (created)
2023-12-05 19:11:30 [INFO] Changement détecté : C:\Users\chid-\Dropbox\mac\DEV\Python\pySpectator\.git\info\exclude (created)
2023-12-05 19:11:30 [INFO] Changement détecté : C:\Users\chid-\Dropbox\mac\DEV\Python\pySpectator\.git\hooks (modified)
2023-12-05 19:11:30 [INFO] Changement détecté : C:\Users\chid-\Dropbox\mac\DEV\Python\pySpectator\.git\info\exclude (created)
2023-12-05 19:11:30 [INFO] Changement détecté : C:\Users\chid-\Dropbox\mac\DEV\Python\pySpectator\.git\info\exclude (modified)
2023-12-05 19:11:30 [INFO] Changement détecté : C:\Users\chid-\Dropbox\mac\DEV\Python\pySpectator\.git\refs (created)
2023-12-05 19:11:31 [INFO] Changement détecté : C:\Users\chid-\Dropbox\mac\DEV\Python\pySpectator\.git\refs\heads (created)
2023-12-05 19:11:31 [INFO] Changement détecté : C:\Users\chid-\Dropbox\mac\DEV\Python\pySpectator\.git\refs\tags (created)
2023-12-05 19:11:31 [INFO] Changement détecté : C:\Users\chid-\Dropbox\mac\DEV\Python\pySpectator\.git\info (modified)
2023-12-05 19:11:31 [INFO] Changement détecté : C:\Users\chid-\Dropbox\mac\DEV\Python\pySpectator\.git\refs\heads (created)
2023-12-05 19:11:32 [INFO] Changement détecté : C:\Users\chid-\Dropbox\mac\DEV\Python\pySpectator\.git\refs\tags (created)
2023-12-05 19:11:33 [INFO] Changement détecté : C:\Users\chid-\Dropbox\mac\DEV\Python\pySpectator\.git (modified)
2023-12-05 19:11:33 [INFO] Changement détecté : C:\Users\chid-\Dropbox\mac\DEV\Python\pySpectator\.git\HEAD.lock (created)
2023-12-05 19:11:33 [INFO] Changement détecté : C:\Users\chid-\Dropbox\mac\DEV\Python\pySpectator\.git\refs (modified)
2023-12-05 19:11:33 [INFO] Changement détecté : C:\Users\chid-\Dropbox\mac\DEV\Python\pySpectator\.git (modified)
2023-12-05 19:11:33 [INFO] Changement détecté : C:\Users\chid-\Dropbox\mac\DEV\Python\pySpectator\.git\HEAD.lock (modified)
2023-12-05 19:11:33 [INFO] Changement détecté : C:\Users\chid-\Dropbox\mac\DEV\Python\pySpectator\.git\HEAD.lock (moved)
2023-12-05 19:11:33 [INFO] Changement détecté : C:\Users\chid-\Dropbox\mac\DEV\Python\pySpectator\.git (modified)
2023-12-05 19:11:33 [INFO] Changement détecté : C:\Users\chid-\Dropbox\mac\DEV\Python\pySpectator\.git\config.lock (created)
2023-12-05 19:11:33 [INFO] Changement détecté : C:\Users\chid-\Dropbox\mac\DEV\Python\pySpectator\.git (modified)
2023-12-05 19:11:33 [INFO] Changement détecté : C:\Users\chid-\Dropbox\mac\DEV\Python\pySpectator\.git\config.lock (modified)
2023-12-05 19:11:33 [INFO] Changement détecté : C:\Users\chid-\Dropbox\mac\DEV\Python\pySpectator\.git\config.lock (moved)
2023-12-05 19:11:33 [INFO] Changement détecté : C:\Users\chid-\Dropbox\mac\DEV\Python\pySpectator\.git (modified)
2023-12-05 19:11:33 [INFO] Changement détecté : C:\Users\chid-\Dropbox\mac\DEV\Python\pySpectator\.git\config.lock (created)
2023-12-05 19:11:33 [INFO] Changement détecté : C:\Users\chid-\Dropbox\mac\DEV\Python\pySpectator\.git (modified)
2023-12-05 19:11:33 [INFO] Changement détecté : C:\Users\chid-\Dropbox\mac\DEV\Python\pySpectator\.git\config.lock (modified)
2023-12-05 19:11:33 [INFO] Changement détecté : C:\Users\chid-\Dropbox\mac\DEV\Python\pySpectator\.git\config (deleted)
2023-12-05 19:11:33 [INFO] Changement détecté : C:\Users\chid-\Dropbox\mac\DEV\Python\pySpectator\.git\config.lock (moved)
2023-12-05 19:11:33 [INFO] Changement détecté : C:\Users\chid-\Dropbox\mac\DEV\Python\pySpectator\.git (modified)
2023-12-05 19:11:33 [INFO] Changement détecté : C:\Users\chid-\Dropbox\mac\DEV\Python\pySpectator\.git\config.lock (created)
2023-12-05 19:11:33 [INFO] Changement détecté : C:\Users\chid-\Dropbox\mac\DEV\Python\pySpectator\.git (modified)
2023-12-05 19:11:33 [INFO] Changement détecté : C:\Users\chid-\Dropbox\mac\DEV\Python\pySpectator\.git\config.lock (modified)
2023-12-05 19:11:33 [INFO] Changement détecté : C:\Users\chid-\Dropbox\mac\DEV\Python\pySpectator\.git\config (deleted)
2023-12-05 19:11:33 [INFO] Changement détecté : C:\Users\chid-\Dropbox\mac\DEV\Python\pySpectator\.git\config.lock (moved)
2023-12-05 19:11:33 [INFO] Changement détecté : C:\Users\chid-\Dropbox\mac\DEV\Python\pySpectator\.git (modified)
2023-12-05 19:11:33 [INFO] Changement détecté : C:\Users\chid-\Dropbox\mac\DEV\Python\pySpectator\.git\config.lock (created)
2023-12-05 19:11:33 [INFO] Changement détecté : C:\Users\chid-\Dropbox\mac\DEV\Python\pySpectator\.git (modified)
2023-12-05 19:11:33 [INFO] Changement détecté : C:\Users\chid-\Dropbox\mac\DEV\Python\pySpectator\.git\config.lock (modified)
2023-12-05 19:11:33 [INFO] Changement détecté : C:\Users\chid-\Dropbox\mac\DEV\Python\pySpectator\.git\config (deleted)
2023-12-05 19:11:33 [INFO] Changement détecté : C:\Users\chid-\Dropbox\mac\DEV\Python\pySpectator\.git\config.lock (moved)
2023-12-05 19:11:33 [INFO] Changement détecté : C:\Users\chid-\Dropbox\mac\DEV\Python\pySpectator\.git (modified)
2023-12-05 19:11:33 [INFO] Changement détecté : C:\Users\chid-\Dropbox\mac\DEV\Python\pySpectator\.git\ta19048 (created)
2023-12-05 19:11:33 [INFO] Changement détecté : C:\Users\chid-\Dropbox\mac\DEV\Python\pySpectator\.git (modified)
2023-12-05 19:11:33 [INFO] Changement détecté : C:\Users\chid-\Dropbox\mac\DEV\Python\pySpectator\.git\ta19048 (deleted)
2023-12-05 19:11:33 [INFO] Changement détecté : C:\Users\chid-\Dropbox\mac\DEV\Python\pySpectator\.git (modified)
2023-12-05 19:11:33 [INFO] Changement détecté : C:\Users\chid-\Dropbox\mac\DEV\Python\pySpectator\.git\config.lock (created)
2023-12-05 19:11:33 [INFO] Changement détecté : C:\Users\chid-\Dropbox\mac\DEV\Python\pySpectator\.git (modified)
2023-12-05 19:11:33 [INFO] Changement détecté : C:\Users\chid-\Dropbox\mac\DEV\Python\pySpectator\.git\config.lock (modified)
2023-12-05 19:11:33 [INFO] Changement détecté : C:\Users\chid-\Dropbox\mac\DEV\Python\pySpectator\.git\config (deleted)
2023-12-05 19:11:33 [INFO] Changement détecté : C:\Users\chid-\Dropbox\mac\DEV\Python\pySpectator\.git\config.lock (moved)
2023-12-05 19:11:33 [INFO] Changement détecté : C:\Users\chid-\Dropbox\mac\DEV\Python\pySpectator\.git (modified)
2023-12-05 19:11:33 [INFO] Changement détecté : C:\Users\chid-\Dropbox\mac\DEV\Python\pySpectator\.git\config.lock (created)
2023-12-05 19:11:33 [INFO] Changement détecté : C:\Users\chid-\Dropbox\mac\DEV\Python\pySpectator\.git (modified)
2023-12-05 19:11:33 [INFO] Changement détecté : C:\Users\chid-\Dropbox\mac\DEV\Python\pySpectator\.git\config.lock (modified)
2023-12-05 19:11:33 [INFO] Changement détecté : C:\Users\chid-\Dropbox\mac\DEV\Python\pySpectator\.git\config (deleted)
2023-12-05 19:11:33 [INFO] Changement détecté : C:\Users\chid-\Dropbox\mac\DEV\Python\pySpectator\.git\config.lock (moved)
2023-12-05 19:11:33 [INFO] Changement détecté : C:\Users\chid-\Dropbox\mac\DEV\Python\pySpectator\.git (modified)
2023-12-05 19:11:33 [INFO] Changement détecté : C:\Users\chid-\Dropbox\mac\DEV\Python\pySpectator\.git\objects (created)
2023-12-05 19:11:34 [INFO] Changement détecté : C:\Users\chid-\Dropbox\mac\DEV\Python\pySpectator\.git\objects\info (created)
2023-12-05 19:11:34 [INFO] Changement détecté : C:\Users\chid-\Dropbox\mac\DEV\Python\pySpectator\.git\objects\pack (created)
2023-12-05 19:11:34 [INFO] Changement détecté : C:\Users\chid-\Dropbox\mac\DEV\Python\pySpectator\.git\objects\pack (created)
2023-12-05 19:11:35 [INFO] Changement détecté : C:\Users\chid-\Dropbox\mac\DEV\Python\pySpectator\.git (modified)
2023-12-05 19:11:35 [INFO] Changement détecté : C:\Users\chid-\Dropbox\mac\DEV\Python\pySpectator\.git\objects\info (created)
2023-12-05 19:11:36 [INFO] Changement détecté : C:\Users\chid-\Dropbox\mac\DEV\Python\pySpectator\.git\objects (modified)
2023-12-05 19:11:36 [INFO] Changement détecté : C:\Users\chid-\Dropbox\mac\DEV\Python\pySpectator\.git\hooks (modified)
2023-12-05 19:11:36 [INFO] Changement détecté : C:\Users\chid-\Dropbox\mac\DEV\Python\pySpectator\.git\hooks\pre-receive.sample (modified)
2023-12-05 19:11:36 [INFO] Changement détecté : C:\Users\chid-\Dropbox\mac\DEV\Python\pySpectator\.git\objects (modified)
2023-12-05 19:11:36 [INFO] Changement détecté : C:\Users\chid-\Dropbox\mac\DEV\Python\pySpectator\.git\refs (modified)
2023-12-05 19:11:36 [INFO] Changement détecté : C:\Users\chid-\Dropbox\mac\DEV\Python\pySpectator\.git\refs\heads (modified)
2023-12-05 19:11:36 [INFO] Changement détecté : C:\Users\chid-\Dropbox\mac\DEV\Python\pySpectator\.git\refs\tags (modified)
2023-12-05 19:11:36 [INFO] Changement détecté : C:\Users\chid-\Dropbox\mac\DEV\Python\pySpectator\.git\objects\pack (modified)
2023-12-05 19:11:36 [INFO] Changement détecté : C:\Users\chid-\Dropbox\mac\DEV\Python\pySpectator\.git\objects\info (modified)
2023-12-05 19:11:36 [INFO] Changement détecté : C:\Users\chid-\Dropbox\mac\DEV\Python\pySpectator\.git\info (modified)
2023-12-05 19:11:48 [INFO] Changement détecté : C:\Users\chid-\Dropbox\mac\DEV\Python\pySpectator\.git\index.lock (created)
2023-12-05 19:11:48 [INFO] Changement détecté : C:\Users\chid-\Dropbox\mac\DEV\Python\pySpectator\.git (modified)
2023-12-05 19:11:48 [INFO] Changement détecté : C:\Users\chid-\Dropbox\mac\DEV\Python\pySpectator\.git\objects\d6 (created)
2023-12-05 19:11:49 [INFO] Changement détecté : C:\Users\chid-\Dropbox\mac\DEV\Python\pySpectator\.git\objects\d6\9f81404907e754780a5394cc9b9dddc83c165f (created)
2023-12-05 19:11:49 [INFO] Changement détecté : C:\Users\chid-\Dropbox\mac\DEV\Python\pySpectator\.git\objects\d6\tmp_obj_yGQ1eP (created)
2023-12-05 19:11:49 [INFO] Changement détecté : C:\Users\chid-\Dropbox\mac\DEV\Python\pySpectator\.git\objects (modified)
2023-12-05 19:11:49 [INFO] Changement détecté : C:\Users\chid-\Dropbox\mac\DEV\Python\pySpectator\.git\objects\d6\tmp_obj_yGQ1eP (modified)
2023-12-05 19:11:49 [INFO] Changement détecté : C:\Users\chid-\Dropbox\mac\DEV\Python\pySpectator\.git\objects\d6 (modified)
2023-12-05 19:11:49 [INFO] Changement détecté : C:\Users\chid-\Dropbox\mac\DEV\Python\pySpectator\.git\objects\d6\tmp_obj_yGQ1eP (moved)
2023-12-05 19:11:49 [INFO] Changement détecté : C:\Users\chid-\Dropbox\mac\DEV\Python\pySpectator\.git\objects\d6 (modified)
2023-12-05 19:11:49 [INFO] Changement détecté : C:\Users\chid-\Dropbox\mac\DEV\Python\pySpectator\.git\objects\4d (created)
2023-12-05 19:11:50 [INFO] Changement détecté : C:\Users\chid-\Dropbox\mac\DEV\Python\pySpectator\.git\objects\4d\d7341b018be1be5e1d6ba467df483d77819622 (created)
2023-12-05 19:11:50 [INFO] Changement détecté : C:\Users\chid-\Dropbox\mac\DEV\Python\pySpectator\.git\objects\4d\tmp_obj_5ul6vi (created)
2023-12-05 19:11:50 [INFO] Changement détecté : C:\Users\chid-\Dropbox\mac\DEV\Python\pySpectator\.git\objects\4d\tmp_obj_5ul6vi (modified)
2023-12-05 19:11:50 [INFO] Changement détecté : C:\Users\chid-\Dropbox\mac\DEV\Python\pySpectator\.git\objects (modified)
2023-12-05 19:11:50 [INFO] Changement détecté : C:\Users\chid-\Dropbox\mac\DEV\Python\pySpectator\.git\objects\4d (modified)
2023-12-05 19:11:50 [INFO] Changement détecté : C:\Users\chid-\Dropbox\mac\DEV\Python\pySpectator\.git\objects\4d\tmp_obj_5ul6vi (moved)
2023-12-05 19:11:50 [INFO] Changement détecté : C:\Users\chid-\Dropbox\mac\DEV\Python\pySpectator\.git\objects\4d (modified)
2023-12-05 19:11:50 [INFO] Changement détecté : C:\Users\chid-\Dropbox\mac\DEV\Python\pySpectator\.git\objects\e6 (created)
2023-12-05 19:11:51 [INFO] Changement détecté : C:\Users\chid-\Dropbox\mac\DEV\Python\pySpectator\.git\objects\e6\9de29bb2d1d6434b8b29ae775ad8c2e48c5391 (created)
2023-12-05 19:11:51 [INFO] Changement détecté : C:\Users\chid-\Dropbox\mac\DEV\Python\pySpectator\.git\objects\e6\tmp_obj_Nwj1X7 (created)
2023-12-05 19:11:51 [INFO] Changement détecté : C:\Users\chid-\Dropbox\mac\DEV\Python\pySpectator\.git\objects\e6\tmp_obj_Nwj1X7 (modified)
2023-12-05 19:11:51 [INFO] Changement détecté : C:\Users\chid-\Dropbox\mac\DEV\Python\pySpectator\.git\objects (modified)
2023-12-05 19:11:51 [INFO] Changement détecté : C:\Users\chid-\Dropbox\mac\DEV\Python\pySpectator\.git\objects\e6 (modified)
2023-12-05 19:11:51 [INFO] Changement détecté : C:\Users\chid-\Dropbox\mac\DEV\Python\pySpectator\.git\objects\e6\tmp_obj_Nwj1X7 (moved)
2023-12-05 19:11:51 [INFO] Changement détecté : C:\Users\chid-\Dropbox\mac\DEV\Python\pySpectator\.git\objects\e6 (modified)
2023-12-05 19:11:51 [INFO] Changement détecté : C:\Users\chid-\Dropbox\mac\DEV\Python\pySpectator\.git\objects\e6\9de29bb2d1d6434b8b29ae775ad8c2e48c5391 (modified)
2023-12-05 19:11:51 [INFO] Changement détecté : C:\Users\chid-\Dropbox\mac\DEV\Python\pySpectator\.git\objects\6a (created)
2023-12-05 19:11:52 [INFO] Changement détecté : C:\Users\chid-\Dropbox\mac\DEV\Python\pySpectator\.git\objects\6a\d9f76c14c294cbc959e72a70670f61a710fb63 (created)
2023-12-05 19:11:52 [INFO] Changement détecté : C:\Users\chid-\Dropbox\mac\DEV\Python\pySpectator\.git\objects\6a\tmp_obj_cvkMIi (created)
2023-12-05 19:11:52 [INFO] Changement détecté : C:\Users\chid-\Dropbox\mac\DEV\Python\pySpectator\.git\objects\6a\tmp_obj_cvkMIi (modified)
2023-12-05 19:11:52 [INFO] Changement détecté : C:\Users\chid-\Dropbox\mac\DEV\Python\pySpectator\.git\objects (modified)
2023-12-05 19:11:52 [INFO] Changement détecté : C:\Users\chid-\Dropbox\mac\DEV\Python\pySpectator\.git\objects\6a (modified)
2023-12-05 19:11:52 [INFO] Changement détecté : C:\Users\chid-\Dropbox\mac\DEV\Python\pySpectator\.git\objects\6a\tmp_obj_cvkMIi (moved)
2023-12-05 19:11:52 [INFO] Changement détecté : C:\Users\chid-\Dropbox\mac\DEV\Python\pySpectator\.git\objects\6a (modified)
2023-12-05 19:11:52 [INFO] Changement détecté : C:\Users\chid-\Dropbox\mac\DEV\Python\pySpectator\.git\objects\96 (created)
2023-12-05 19:11:53 [INFO] Changement détecté : C:\Users\chid-\Dropbox\mac\DEV\Python\pySpectator\.git\objects\96\ccd728d118dc3dc05d2a114f64350b00c7a9e3 (created)
2023-12-05 19:11:53 [INFO] Changement détecté : C:\Users\chid-\Dropbox\mac\DEV\Python\pySpectator\.git\objects (modified)
2023-12-05 19:11:53 [INFO] Changement détecté : C:\Users\chid-\Dropbox\mac\DEV\Python\pySpectator\.git\objects\96\tmp_obj_rKFhVH (created)
2023-12-05 19:11:53 [INFO] Changement détecté : C:\Users\chid-\Dropbox\mac\DEV\Python\pySpectator\.git\objects\96\tmp_obj_rKFhVH (modified)
2023-12-05 19:11:53 [INFO] Changement détecté : C:\Users\chid-\Dropbox\mac\DEV\Python\pySpectator\.git\objects\96 (modified)
2023-12-05 19:11:53 [INFO] Changement détecté : C:\Users\chid-\Dropbox\mac\DEV\Python\pySpectator\.git\objects\96\tmp_obj_rKFhVH (moved)
2023-12-05 19:11:53 [INFO] Changement détecté : C:\Users\chid-\Dropbox\mac\DEV\Python\pySpectator\.git\objects\96 (modified)
2023-12-05 19:11:53 [INFO] Changement détecté : C:\Users\chid-\Dropbox\mac\DEV\Python\pySpectator\.git\objects\5c (created)
2023-12-05 19:11:54 [INFO] Changement détecté : C:\Users\chid-\Dropbox\mac\DEV\Python\pySpectator\.git\objects\5c\c19720d2247d321ee1e793bbd06228e5c53ae7 (created)
2023-12-05 19:11:54 [INFO] Changement détecté : C:\Users\chid-\Dropbox\mac\DEV\Python\pySpectator\.git\objects\5c\tmp_obj_UdPT1M (created)
2023-12-05 19:11:54 [INFO] Changement détecté : C:\Users\chid-\Dropbox\mac\DEV\Python\pySpectator\.git\objects (modified)
2023-12-05 19:11:54 [INFO] Changement détecté : C:\Users\chid-\Dropbox\mac\DEV\Python\pySpectator\.git\objects\5c\tmp_obj_UdPT1M (modified)
2023-12-05 19:11:54 [INFO] Changement détecté : C:\Users\chid-\Dropbox\mac\DEV\Python\pySpectator\.git\objects\5c (modified)
2023-12-05 19:11:54 [INFO] Changement détecté : C:\Users\chid-\Dropbox\mac\DEV\Python\pySpectator\.git\objects\5c\tmp_obj_UdPT1M (moved)
2023-12-05 19:11:54 [INFO] Changement détecté : C:\Users\chid-\Dropbox\mac\DEV\Python\pySpectator\.git\objects\5c (modified)
2023-12-05 19:11:54 [INFO] Changement détecté : C:\Users\chid-\Dropbox\mac\DEV\Python\pySpectator\.git\objects\e4 (created)
2023-12-05 19:11:55 [INFO] Changement détecté : C:\Users\chid-\Dropbox\mac\DEV\Python\pySpectator\.git\objects\e4\9b4c9c9e59275aef03f186a663cc29f752c112 (created)
2023-12-05 19:11:55 [INFO] Changement détecté : C:\Users\chid-\Dropbox\mac\DEV\Python\pySpectator\.git\objects\e4\tmp_obj_lnl7tm (created)
2023-12-05 19:11:55 [INFO] Changement détecté : C:\Users\chid-\Dropbox\mac\DEV\Python\pySpectator\.git\objects\e4\tmp_obj_lnl7tm (modified)
2023-12-05 19:11:55 [INFO] Changement détecté : C:\Users\chid-\Dropbox\mac\DEV\Python\pySpectator\.git\objects\e4 (modified)
2023-12-05 19:11:55 [INFO] Changement détecté : C:\Users\chid-\Dropbox\mac\DEV\Python\pySpectator\.git\objects\e4\tmp_obj_lnl7tm (moved)
2023-12-05 19:11:55 [INFO] Changement détecté : C:\Users\chid-\Dropbox\mac\DEV\Python\pySpectator\.git\objects\e4 (modified)
2023-12-05 19:11:55 [INFO] Changement détecté : C:\Users\chid-\Dropbox\mac\DEV\Python\pySpectator\.git\objects\8b (created)
2023-12-05 19:11:56 [INFO] Changement détecté : C:\Users\chid-\Dropbox\mac\DEV\Python\pySpectator\.git\objects\8b\d9348647e54c53c49f439e6beefacefecc07f6 (created)
2023-12-05 19:11:56 [INFO] Changement détecté : C:\Users\chid-\Dropbox\mac\DEV\Python\pySpectator\.git\objects\8b\tmp_obj_z1JpKB (created)
2023-12-05 19:11:56 [INFO] Changement détecté : C:\Users\chid-\Dropbox\mac\DEV\Python\pySpectator\.git\objects\8b\tmp_obj_z1JpKB (modified)
2023-12-05 19:11:56 [INFO] Changement détecté : C:\Users\chid-\Dropbox\mac\DEV\Python\pySpectator\.git\objects (modified)
2023-12-05 19:11:56 [INFO] Changement détecté : C:\Users\chid-\Dropbox\mac\DEV\Python\pySpectator\.git\objects\8b (modified)
2023-12-05 19:11:56 [INFO] Changement détecté : C:\Users\chid-\Dropbox\mac\DEV\Python\pySpectator\.git\objects\8b\tmp_obj_z1JpKB (moved)
2023-12-05 19:11:56 [INFO] Changement détecté : C:\Users\chid-\Dropbox\mac\DEV\Python\pySpectator\.git\objects\8b (modified)
2023-12-05 19:11:56 [INFO] Changement détecté : C:\Users\chid-\Dropbox\mac\DEV\Python\pySpectator\.git\objects\5e (created)
2023-12-05 19:11:57 [INFO] Changement détecté : C:\Users\chid-\Dropbox\mac\DEV\Python\pySpectator\.git\objects\5e\7c71add955cb1db8d1a43aa53712a885c12ba9 (created)
2023-12-05 19:11:57 [INFO] Changement détecté : C:\Users\chid-\Dropbox\mac\DEV\Python\pySpectator\.git\objects\5e\tmp_obj_PzmxRf (created)
2023-12-05 19:11:57 [INFO] Changement détecté : C:\Users\chid-\Dropbox\mac\DEV\Python\pySpectator\.git\objects (modified)
2023-12-05 19:11:57 [INFO] Changement détecté : C:\Users\chid-\Dropbox\mac\DEV\Python\pySpectator\.git\objects\5e\tmp_obj_PzmxRf (modified)
2023-12-05 19:11:57 [INFO] Changement détecté : C:\Users\chid-\Dropbox\mac\DEV\Python\pySpectator\.git\objects\5e (modified)
2023-12-05 19:11:57 [INFO] Changement détecté : C:\Users\chid-\Dropbox\mac\DEV\Python\pySpectator\.git\objects\5e\tmp_obj_PzmxRf (moved)
2023-12-05 19:11:57 [INFO] Changement détecté : C:\Users\chid-\Dropbox\mac\DEV\Python\pySpectator\.git\objects\5e (modified)
2023-12-05 19:11:57 [INFO] Changement détecté : C:\Users\chid-\Dropbox\mac\DEV\Python\pySpectator\.git\index.lock (modified)
2023-12-05 19:11:57 [INFO] Changement détecté : C:\Users\chid-\Dropbox\mac\DEV\Python\pySpectator\.git\index.lock (moved)
2023-12-05 19:11:57 [INFO] Changement détecté : C:\Users\chid-\Dropbox\mac\DEV\Python\pySpectator\.git (modified)
2023-12-05 19:11:57 [INFO] Changement détecté : C:\Users\chid-\Dropbox\mac\DEV\Python\pySpectator\.git\objects\4d (modified)
2023-12-05 19:11:57 [INFO] Changement détecté : C:\Users\chid-\Dropbox\mac\DEV\Python\pySpectator\.git\objects\d6 (modified)
2023-12-05 19:11:57 [INFO] Changement détecté : C:\Users\chid-\Dropbox\mac\DEV\Python\pySpectator\.git\objects\d6\9f81404907e754780a5394cc9b9dddc83c165f (modified)
2023-12-05 19:11:57 [INFO] Changement détecté : C:\Users\chid-\Dropbox\mac\DEV\Python\pySpectator\.git\objects\4d\d7341b018be1be5e1d6ba467df483d77819622 (modified)
2023-12-05 19:11:57 [INFO] Changement détecté : C:\Users\chid-\Dropbox\mac\DEV\Python\pySpectator\.git\objects\e6 (modified)
2023-12-05 19:11:57 [INFO] Changement détecté : C:\Users\chid-\Dropbox\mac\DEV\Python\pySpectator\.git\objects\6a (modified)
2023-12-05 19:11:57 [INFO] Changement détecté : C:\Users\chid-\Dropbox\mac\DEV\Python\pySpectator\.git\objects\5e (modified)
2023-12-05 19:11:57 [INFO] Changement détecté : C:\Users\chid-\Dropbox\mac\DEV\Python\pySpectator\.git\objects\96 (modified)
2023-12-05 19:11:57 [INFO] Changement détecté : C:\Users\chid-\Dropbox\mac\DEV\Python\pySpectator\.git\objects\5c (modified)
2023-12-05 19:11:57 [INFO] Changement détecté : C:\Users\chid-\Dropbox\mac\DEV\Python\pySpectator\.git\objects\e4 (modified)
2023-12-05 19:11:57 [INFO] Changement détecté : C:\Users\chid-\Dropbox\mac\DEV\Python\pySpectator\.git\objects\8b (modified)
2023-12-05 19:11:57 [INFO] Changement détecté : C:\Users\chid-\Dropbox\mac\DEV\Python\pySpectator\.git\objects\6a\d9f76c14c294cbc959e72a70670f61a710fb63 (modified)
2023-12-05 19:11:57 [INFO] Changement détecté : C:\Users\chid-\Dropbox\mac\DEV\Python\pySpectator\.git\objects\e6\9de29bb2d1d6434b8b29ae775ad8c2e48c5391 (modified)
2023-12-05 19:11:57 [INFO] Changement détecté : C:\Users\chid-\Dropbox\mac\DEV\Python\pySpectator\.git\objects\5c\c19720d2247d321ee1e793bbd06228e5c53ae7 (modified)
2023-12-05 19:11:57 [INFO] Changement détecté : C:\Users\chid-\Dropbox\mac\DEV\Python\pySpectator\.git\objects\96\ccd728d118dc3dc05d2a114f64350b00c7a9e3 (modified)
2023-12-05 19:11:57 [INFO] Changement détecté : C:\Users\chid-\Dropbox\mac\DEV\Python\pySpectator\.git\objects\e4\9b4c9c9e59275aef03f186a663cc29f752c112 (modified)
2023-12-05 19:11:57 [INFO] Changement détecté : C:\Users\chid-\Dropbox\mac\DEV\Python\pySpectator\.git\objects\8b\d9348647e54c53c49f439e6beefacefecc07f6 (modified)
2023-12-05 19:11:57 [INFO] Changement détecté : C:\Users\chid-\Dropbox\mac\DEV\Python\pySpectator\.git\objects\5e\7c71add955cb1db8d1a43aa53712a885c12ba9 (modified)
2023-12-05 19:14:04 [INFO] Changement détecté : C:\Users\chid-\Dropbox\mac\DEV\Python\pySpectator\.git\config.lock (created)
2023-12-05 19:14:04 [INFO] Changement détecté : C:\Users\chid-\Dropbox\mac\DEV\Python\pySpectator\.git\config.lock (modified)
2023-12-05 19:14:04 [INFO] Changement détecté : C:\Users\chid-\Dropbox\mac\DEV\Python\pySpectator\.git (modified)
2023-12-05 19:14:04 [INFO] Changement détecté : C:\Users\chid-\Dropbox\mac\DEV\Python\pySpectator\.git\config (deleted)
2023-12-05 19:14:04 [INFO] Changement détecté : C:\Users\chid-\Dropbox\mac\DEV\Python\pySpectator\.git\config.lock (moved)
2023-12-05 19:14:04 [INFO] Changement détecté : C:\Users\chid-\Dropbox\mac\DEV\Python\pySpectator\.git (modified)
2023-12-05 19:14:04 [INFO] Changement détecté : C:\Users\chid-\Dropbox\mac\DEV\Python\pySpectator\.git\config.lock (created)
2023-12-05 19:14:04 [INFO] Changement détecté : C:\Users\chid-\Dropbox\mac\DEV\Python\pySpectator\.git (modified)
2023-12-05 19:14:04 [INFO] Changement détecté : C:\Users\chid-\Dropbox\mac\DEV\Python\pySpectator\.git\config.lock (modified)
2023-12-05 19:14:04 [INFO] Changement détecté : C:\Users\chid-\Dropbox\mac\DEV\Python\pySpectator\.git\config (deleted)
2023-12-05 19:14:04 [INFO] Changement détecté : C:\Users\chid-\Dropbox\mac\DEV\Python\pySpectator\.git\config.lock (moved)
2023-12-05 19:14:04 [INFO] Changement détecté : C:\Users\chid-\Dropbox\mac\DEV\Python\pySpectator\.git (modified)
2023-12-05 19:14:19 [INFO] Changement détecté : C:\Users\chid-\Dropbox\mac\DEV\Python\pySpectator\.git\index.lock (created)
2023-12-05 19:14:19 [INFO] Changement détecté : C:\Users\chid-\Dropbox\mac\DEV\Python\pySpectator\.git (modified)
2023-12-05 19:14:19 [INFO] Changement détecté : C:\Users\chid-\Dropbox\mac\DEV\Python\pySpectator\.git\objects\a0 (created)
2023-12-05 19:14:20 [INFO] Changement détecté : C:\Users\chid-\Dropbox\mac\DEV\Python\pySpectator\.git\objects\a0\90fb58da5d089278d1e932a273505c4570bab4 (created)
2023-12-05 19:14:20 [INFO] Changement détecté : C:\Users\chid-\Dropbox\mac\DEV\Python\pySpectator\.git\objects\a0\tmp_obj_Uu1f9p (created)
2023-12-05 19:14:20 [INFO] Changement détecté : C:\Users\chid-\Dropbox\mac\DEV\Python\pySpectator\.git\objects\a0\tmp_obj_Uu1f9p (modified)
2023-12-05 19:14:20 [INFO] Changement détecté : C:\Users\chid-\Dropbox\mac\DEV\Python\pySpectator\.git\objects\a0 (modified)
2023-12-05 19:14:20 [INFO] Changement détecté : C:\Users\chid-\Dropbox\mac\DEV\Python\pySpectator\.git\objects\a0\tmp_obj_Uu1f9p (moved)
2023-12-05 19:14:20 [INFO] Changement détecté : C:\Users\chid-\Dropbox\mac\DEV\Python\pySpectator\.git\objects\a0 (modified)
2023-12-05 19:14:20 [INFO] Changement détecté : C:\Users\chid-\Dropbox\mac\DEV\Python\pySpectator\.git\objects\6f (created)
2023-12-05 19:14:21 [INFO] Changement détecté : C:\Users\chid-\Dropbox\mac\DEV\Python\pySpectator\.git\objects\6f\7745d2851fa10d9a8ed355a0296445eca0dacf (created)
2023-12-05 19:14:21 [INFO] Changement détecté : C:\Users\chid-\Dropbox\mac\DEV\Python\pySpectator\.git\objects\6f\tmp_obj_2w3TAA (created)
2023-12-05 19:14:21 [INFO] Changement détecté : C:\Users\chid-\Dropbox\mac\DEV\Python\pySpectator\.git\objects\6f\tmp_obj_2w3TAA (modified)
2023-12-05 19:14:21 [INFO] Changement détecté : C:\Users\chid-\Dropbox\mac\DEV\Python\pySpectator\.git\objects\6f (modified)
2023-12-05 19:14:21 [INFO] Changement détecté : C:\Users\chid-\Dropbox\mac\DEV\Python\pySpectator\.git\objects\6f\tmp_obj_2w3TAA (moved)
2023-12-05 19:14:21 [INFO] Changement détecté : C:\Users\chid-\Dropbox\mac\DEV\Python\pySpectator\.git\objects\6f (modified)
2023-12-05 19:14:21 [INFO] Changement détecté : C:\Users\chid-\Dropbox\mac\DEV\Python\pySpectator\.git\objects\06 (created)
2023-12-05 19:14:22 [INFO] Changement détecté : C:\Users\chid-\Dropbox\mac\DEV\Python\pySpectator\.git\objects\06\d50eb14b1223c417d6273aa8c403ba6a11a31f (created)
2023-12-05 19:14:22 [INFO] Changement détecté : C:\Users\chid-\Dropbox\mac\DEV\Python\pySpectator\.git\objects\06\tmp_obj_pMVLbj (created)
2023-12-05 19:14:22 [INFO] Changement détecté : C:\Users\chid-\Dropbox\mac\DEV\Python\pySpectator\.git\objects\06\tmp_obj_pMVLbj (modified)
2023-12-05 19:14:22 [INFO] Changement détecté : C:\Users\chid-\Dropbox\mac\DEV\Python\pySpectator\.git\objects\06 (modified)
2023-12-05 19:14:22 [INFO] Changement détecté : C:\Users\chid-\Dropbox\mac\DEV\Python\pySpectator\.git\objects\06\tmp_obj_pMVLbj (moved)
2023-12-05 19:14:22 [INFO] Changement détecté : C:\Users\chid-\Dropbox\mac\DEV\Python\pySpectator\.git\objects\06 (modified)
2023-12-05 19:14:22 [INFO] Changement détecté : C:\Users\chid-\Dropbox\mac\DEV\Python\pySpectator\.git\index.lock (modified)
2023-12-05 19:14:22 [INFO] Changement détecté : C:\Users\chid-\Dropbox\mac\DEV\Python\pySpectator\.git\index (deleted)
2023-12-05 19:14:22 [INFO] Changement détecté : C:\Users\chid-\Dropbox\mac\DEV\Python\pySpectator\.git\index.lock (moved)
2023-12-05 19:14:22 [INFO] Changement détecté : C:\Users\chid-\Dropbox\mac\DEV\Python\pySpectator\.git (modified)
2023-12-05 19:14:22 [INFO] Changement détecté : C:\Users\chid-\Dropbox\mac\DEV\Python\pySpectator\.git\COMMIT_EDITMSG (created)
2023-12-05 19:14:22 [INFO] Changement détecté : C:\Users\chid-\Dropbox\mac\DEV\Python\pySpectator\.git (modified)
2023-12-05 19:14:22 [INFO] Changement détecté : C:\Users\chid-\Dropbox\mac\DEV\Python\pySpectator\.git\COMMIT_EDITMSG (modified)
2023-12-05 19:14:22 [INFO] Changement détecté : C:\Users\chid-\Dropbox\mac\DEV\Python\pySpectator\.git\objects\2c (created)
2023-12-05 19:14:23 [INFO] Changement détecté : C:\Users\chid-\Dropbox\mac\DEV\Python\pySpectator\.git\objects\2c\442ee8efe847fff456d6e43d5f47ca8f2dd4b7 (created)
2023-12-05 19:14:23 [INFO] Changement détecté : C:\Users\chid-\Dropbox\mac\DEV\Python\pySpectator\.git\objects (modified)
2023-12-05 19:14:23 [INFO] Changement détecté : C:\Users\chid-\Dropbox\mac\DEV\Python\pySpectator\.git\objects\2c\tmp_obj_kXymKW (created)
2023-12-05 19:14:23 [INFO] Changement détecté : C:\Users\chid-\Dropbox\mac\DEV\Python\pySpectator\.git\objects\2c\tmp_obj_kXymKW (modified)
2023-12-05 19:14:23 [INFO] Changement détecté : C:\Users\chid-\Dropbox\mac\DEV\Python\pySpectator\.git\objects\2c (modified)
2023-12-05 19:14:23 [INFO] Changement détecté : C:\Users\chid-\Dropbox\mac\DEV\Python\pySpectator\.git\objects\2c\tmp_obj_kXymKW (moved)
2023-12-05 19:14:23 [INFO] Changement détecté : C:\Users\chid-\Dropbox\mac\DEV\Python\pySpectator\.git\objects\2c (modified)
2023-12-05 19:14:23 [INFO] Changement détecté : C:\Users\chid-\Dropbox\mac\DEV\Python\pySpectator\.git\HEAD.lock (created)
2023-12-05 19:14:23 [INFO] Changement détecté : C:\Users\chid-\Dropbox\mac\DEV\Python\pySpectator\.git (modified)
2023-12-05 19:14:23 [INFO] Changement détecté : C:\Users\chid-\Dropbox\mac\DEV\Python\pySpectator\.git\refs\heads\master.lock (created)
2023-12-05 19:14:23 [INFO] Changement détecté : C:\Users\chid-\Dropbox\mac\DEV\Python\pySpectator\.git\refs\heads\master.lock (modified)
2023-12-05 19:14:23 [INFO] Changement détecté : C:\Users\chid-\Dropbox\mac\DEV\Python\pySpectator\.git\logs (created)
2023-12-05 19:14:24 [INFO] Changement détecté : C:\Users\chid-\Dropbox\mac\DEV\Python\pySpectator\.git\logs\refs (created)
2023-12-05 19:14:24 [INFO] Changement détecté : C:\Users\chid-\Dropbox\mac\DEV\Python\pySpectator\.git\logs\HEAD (created)
2023-12-05 19:14:24 [INFO] Changement détecté : C:\Users\chid-\Dropbox\mac\DEV\Python\pySpectator\.git\logs\refs\heads (created)
2023-12-05 19:14:24 [INFO] Changement détecté : C:\Users\chid-\Dropbox\mac\DEV\Python\pySpectator\.git\logs\refs\heads\master (created)
2023-12-05 19:14:24 [INFO] Changement détecté : C:\Users\chid-\Dropbox\mac\DEV\Python\pySpectator\.git\logs\HEAD (created)
2023-12-05 19:14:24 [INFO] Changement détecté : C:\Users\chid-\Dropbox\mac\DEV\Python\pySpectator\.git\logs\HEAD (modified)
2023-12-05 19:14:24 [INFO] Changement détecté : C:\Users\chid-\Dropbox\mac\DEV\Python\pySpectator\.git (modified)
2023-12-05 19:14:24 [INFO] Changement détecté : C:\Users\chid-\Dropbox\mac\DEV\Python\pySpectator\.git\logs (modified)
2023-12-05 19:14:24 [INFO] Changement détecté : C:\Users\chid-\Dropbox\mac\DEV\Python\pySpectator\.git\logs\refs (created)
2023-12-05 19:14:25 [INFO] Changement détecté : C:\Users\chid-\Dropbox\mac\DEV\Python\pySpectator\.git\logs\refs\heads (created)
2023-12-05 19:14:25 [INFO] Changement détecté : C:\Users\chid-\Dropbox\mac\DEV\Python\pySpectator\.git\logs\refs\heads\master (created)
2023-12-05 19:14:25 [INFO] Changement détecté : C:\Users\chid-\Dropbox\mac\DEV\Python\pySpectator\.git\logs (modified)
2023-12-05 19:14:25 [INFO] Changement détecté : C:\Users\chid-\Dropbox\mac\DEV\Python\pySpectator\.git\logs\refs\heads (created)
2023-12-05 19:14:26 [INFO] Changement détecté : C:\Users\chid-\Dropbox\mac\DEV\Python\pySpectator\.git\logs\refs\heads\master (created)
2023-12-05 19:14:26 [INFO] Changement détecté : C:\Users\chid-\Dropbox\mac\DEV\Python\pySpectator\.git\logs\refs (modified)
2023-12-05 19:14:26 [INFO] Changement détecté : C:\Users\chid-\Dropbox\mac\DEV\Python\pySpectator\.git\logs\refs\heads\master (created)
2023-12-05 19:14:26 [INFO] Changement détecté : C:\Users\chid-\Dropbox\mac\DEV\Python\pySpectator\.git\logs\refs\heads (modified)
2023-12-05 19:14:26 [INFO] Changement détecté : C:\Users\chid-\Dropbox\mac\DEV\Python\pySpectator\.git\logs\refs\heads\master (modified)
2023-12-05 19:14:26 [INFO] Changement détecté : C:\Users\chid-\Dropbox\mac\DEV\Python\pySpectator\.git\refs\heads (modified)
2023-12-05 19:14:26 [INFO] Changement détecté : C:\Users\chid-\Dropbox\mac\DEV\Python\pySpectator\.git\refs\heads\master.lock (moved)
2023-12-05 19:14:26 [INFO] Changement détecté : C:\Users\chid-\Dropbox\mac\DEV\Python\pySpectator\.git\refs\heads (modified)
2023-12-05 19:14:26 [INFO] Changement détecté : C:\Users\chid-\Dropbox\mac\DEV\Python\pySpectator\.git\HEAD.lock (deleted)
2023-12-05 19:14:26 [INFO] Changement détecté : C:\Users\chid-\Dropbox\mac\DEV\Python\pySpectator\.git (modified)
2023-12-05 19:14:26 [INFO] Changement détecté : C:\Users\chid-\Dropbox\mac\DEV\Python\pySpectator\.git\objects\maintenance.lock (created)
2023-12-05 19:14:26 [INFO] Changement détecté : C:\Users\chid-\Dropbox\mac\DEV\Python\pySpectator\.git\objects\maintenance.lock (deleted)
2023-12-05 19:14:26 [INFO] Changement détecté : C:\Users\chid-\Dropbox\mac\DEV\Python\pySpectator\.git\objects (modified)
2023-12-05 19:14:26 [INFO] Changement détecté : C:\Users\chid-\Dropbox\mac\DEV\Python\pySpectator\.git\objects\6f (modified)
2023-12-05 19:14:26 [INFO] Changement détecté : C:\Users\chid-\Dropbox\mac\DEV\Python\pySpectator\.git\objects\a0 (modified)
2023-12-05 19:14:26 [INFO] Changement détecté : C:\Users\chid-\Dropbox\mac\DEV\Python\pySpectator\.git\objects\a0\90fb58da5d089278d1e932a273505c4570bab4 (modified)
2023-12-05 19:14:26 [INFO] Changement détecté : C:\Users\chid-\Dropbox\mac\DEV\Python\pySpectator\.git\objects\06 (modified)
2023-12-05 19:14:26 [INFO] Changement détecté : C:\Users\chid-\Dropbox\mac\DEV\Python\pySpectator\.git\objects\6f\7745d2851fa10d9a8ed355a0296445eca0dacf (modified)
2023-12-05 19:14:26 [INFO] Changement détecté : C:\Users\chid-\Dropbox\mac\DEV\Python\pySpectator\.git\logs (modified)
2023-12-05 19:14:26 [INFO] Changement détecté : C:\Users\chid-\Dropbox\mac\DEV\Python\pySpectator\.git\COMMIT_EDITMSG (modified)
2023-12-05 19:14:26 [INFO] Changement détecté : C:\Users\chid-\Dropbox\mac\DEV\Python\pySpectator\.git\objects\2c (modified)
2023-12-05 19:14:26 [INFO] Changement détecté : C:\Users\chid-\Dropbox\mac\DEV\Python\pySpectator\.git\logs\refs (modified)
2023-12-05 19:14:26 [INFO] Changement détecté : C:\Users\chid-\Dropbox\mac\DEV\Python\pySpectator\.git\objects\06\d50eb14b1223c417d6273aa8c403ba6a11a31f (modified)
2023-12-05 19:14:26 [INFO] Changement détecté : C:\Users\chid-\Dropbox\mac\DEV\Python\pySpectator\.git\objects\2c\442ee8efe847fff456d6e43d5f47ca8f2dd4b7 (modified)
2023-12-05 19:14:26 [INFO] Changement détecté : C:\Users\chid-\Dropbox\mac\DEV\Python\pySpectator\.git\logs\refs\heads (modified)
2023-12-05 19:14:26 [INFO] Changement détecté : C:\Users\chid-\Dropbox\mac\DEV\Python\pySpectator\.git\refs\heads\master (modified)
2023-12-05 19:21:13 [INFO] Changement détecté : C:\Users\chid-\Dropbox\mac\DEV\Python\pySpectator\.git\refs\remotes (created)
2023-12-05 19:21:14 [INFO] Changement détecté : C:\Users\chid-\Dropbox\mac\DEV\Python\pySpectator\.git\refs\remotes\origin (created)
2023-12-05 19:21:14 [INFO] Changement détecté : C:\Users\chid-\Dropbox\mac\DEV\Python\pySpectator\.git\refs\remotes\origin\master (created)
2023-12-05 19:21:14 [INFO] Changement détecté : C:\Users\chid-\Dropbox\mac\DEV\Python\pySpectator\.git\refs\remotes\origin (created)
2023-12-05 19:21:15 [INFO] Changement détecté : C:\Users\chid-\Dropbox\mac\DEV\Python\pySpectator\.git\refs\remotes\origin\master (created)
2023-12-05 19:21:15 [INFO] Changement détecté : C:\Users\chid-\Dropbox\mac\DEV\Python\pySpectator\.git\refs\remotes (modified)
2023-12-05 19:21:15 [INFO] Changement détecté : C:\Users\chid-\Dropbox\mac\DEV\Python\pySpectator\.git\refs\remotes\origin\master.lock (created)
2023-12-05 19:21:15 [INFO] Changement détecté : C:\Users\chid-\Dropbox\mac\DEV\Python\pySpectator\.git\refs\remotes\origin (modified)
2023-12-05 19:21:15 [INFO] Changement détecté : C:\Users\chid-\Dropbox\mac\DEV\Python\pySpectator\.git\refs (modified)
2023-12-05 19:21:15 [INFO] Changement détecté : C:\Users\chid-\Dropbox\mac\DEV\Python\pySpectator\.git\refs\remotes\origin\master.lock (modified)
2023-12-05 19:21:15 [INFO] Changement détecté : C:\Users\chid-\Dropbox\mac\DEV\Python\pySpectator\.git\logs\refs\remotes (created)
2023-12-05 19:21:16 [INFO] Changement détecté : C:\Users\chid-\Dropbox\mac\DEV\Python\pySpectator\.git\logs\refs\remotes\origin (created)
2023-12-05 19:21:16 [INFO] Changement détecté : C:\Users\chid-\Dropbox\mac\DEV\Python\pySpectator\.git\logs\refs\remotes\origin\master (created)
2023-12-05 19:21:16 [INFO] Changement détecté : C:\Users\chid-\Dropbox\mac\DEV\Python\pySpectator\.git\logs\refs\remotes\origin (created)
2023-12-05 19:21:17 [INFO] Changement détecté : C:\Users\chid-\Dropbox\mac\DEV\Python\pySpectator\.git\logs\refs\remotes\origin\master (created)
2023-12-05 19:21:17 [INFO] Changement détecté : C:\Users\chid-\Dropbox\mac\DEV\Python\pySpectator\.git\logs\refs\remotes (modified)
2023-12-05 19:21:17 [INFO] Changement détecté : C:\Users\chid-\Dropbox\mac\DEV\Python\pySpectator\.git\logs\refs\remotes\origin\master (created)
2023-12-05 19:21:17 [INFO] Changement détecté : C:\Users\chid-\Dropbox\mac\DEV\Python\pySpectator\.git\logs\refs\remotes\origin (modified)
2023-12-05 19:21:17 [INFO] Changement détecté : C:\Users\chid-\Dropbox\mac\DEV\Python\pySpectator\.git\logs\refs\remotes\origin\master (modified)
2023-12-05 19:21:17 [INFO] Changement détecté : C:\Users\chid-\Dropbox\mac\DEV\Python\pySpectator\.git\refs\remotes\origin\master.lock (moved)
2023-12-05 19:21:17 [INFO] Changement détecté : C:\Users\chid-\Dropbox\mac\DEV\Python\pySpectator\.git\refs\remotes\origin (modified)
2023-12-05 19:21:17 [INFO] Changement détecté : C:\Users\chid-\Dropbox\mac\DEV\Python\pySpectator\.git\logs\refs (modified)
2023-12-05 19:21:17 [INFO] Changement détecté : C:\Users\chid-\Dropbox\mac\DEV\Python\pySpectator\.git\refs\remotes (modified)
2023-12-05 19:21:17 [INFO] Changement détecté : C:\Users\chid-\Dropbox\mac\DEV\Python\pySpectator\.git\logs\refs\remotes (modified)
2023-12-05 19:21:17 [INFO] Changement détecté : C:\Users\chid-\Dropbox\mac\DEV\Python\pySpectator\.git\refs\remotes\origin (modified)
2023-12-05 19:21:17 [INFO] Changement détecté : C:\Users\chid-\Dropbox\mac\DEV\Python\pySpectator\.git\logs\refs\remotes\origin (modified)
2023-12-05 19:23:02 [INFO] Changement détecté : C:\Users\chid-\Dropbox\mac\DEV\Python\pySpectator\README.md (modified)
2023-12-05 19:23:02 [INFO] Changement détecté : C:\Users\chid-\Dropbox\mac\DEV\Python\pySpectator\README.md (modified)
2023-12-05 19:23:02 [INFO] Changement détecté : C:\Users\chid-\Dropbox\mac\DEV\Python\pySpectator\README.md (modified)
2023-12-05 19:23:19 [INFO] Changement détecté : C:\Users\chid-\Dropbox\mac\DEV\Python\pySpectator\.git\index.lock (created)
2023-12-05 19:23:19 [INFO] Changement détecté : C:\Users\chid-\Dropbox\mac\DEV\Python\pySpectator\.git\objects\22 (created)
